<ivy-module version="2.0">
  <info organisation="org.junit" module="junit" revision="4.8.2" status="release">
    <license name="cpl-1.0" url="http://junit.sourceforge.net/cpl-v10.html"/>
  </info>
  <configurations>
    <conf name="default"/>
    <conf name="distribution"/>
  </configurations>
  <publications>
    <artifact name="junit-dep" type="jar"/>
    <artifact name="junit" type="distribution" ext="zip" conf="distribution"/>
  </publications>
  <dependencies>
    <dependency org="org.hamcrest" name="hamcrest" rev="[1.1,)" conf="default->default"/>
  </dependencies>
</ivy-module>
